<?xml version="1.0" encoding="utf-8"?>
<test-run id="2" name="Open-Lab-04.06.dll" fullname="C:/Users/onkom/source/repos/test/46/Open-Lab-04.06/bin/Debug/netcoreapp3.0/Open-Lab-04.06.dll" testcasecount="100" result="Passed" start-time="2021-11-09 20:57:02Z" end-time="2021-11-09 20:57:02Z" duration="0.146731" total="100" passed="100" failed="0" inconclusive="0" skipped="0" asserts="100" random-seed="176953853">
  <command-line><![CDATA[C:\Users\onkom\source\repos\test\46\Open-Lab-04.06\bin\Debug\netcoreapp3.0\Open-Lab-04.06.dll]]></command-line>
  <filter />
  <test-suite type="Assembly" id="1103" name="Open-Lab-04.06.dll" fullname="C:/Users/onkom/source/repos/test/46/Open-Lab-04.06/bin/Debug/netcoreapp3.0/Open-Lab-04.06.dll" runstate="Runnable" testcasecount="100" result="Passed" start-time="2021-11-09 20:57:02Z" end-time="2021-11-09 20:57:02Z" duration="0.146731" total="100" passed="100" failed="0" warnings="0" inconclusive="0" skipped="0" asserts="100">
    <environment framework-version="3.12.0.0" clr-version="3.1.19" os-version="Microsoft Windows 10.0.19042" platform="Win32NT" cwd="C:\Users\onkom\source\repos\test\46\Open-Lab-04.06\bin\Debug\netcoreapp3.0" machine-name="DESKTOP-7OQAPDJ" user="onkom" user-domain="DESKTOP-7OQAPDJ" culture="en-US" uiculture="en-US" os-architecture="x64" />
    <settings>
      <setting name="WorkDirectory" value="C:\Users\onkom\source\repos\test\46\Open-Lab-04.06\bin\Debug\netcoreapp3.0" />
      <setting name="NumberOfTestWorkers" value="4" />
    </settings>
    <properties>
      <property name="_PID" value="23464" />
      <property name="_APPDOMAIN" value="Open-Lab-04.06" />
    </properties>
    <test-suite type="TestSuite" id="1104" name="Open_Lab_04" fullname="Open_Lab_04" runstate="Runnable" testcasecount="100" result="Passed" start-time="2021-11-09 20:57:02Z" end-time="2021-11-09 20:57:02Z" duration="0.122008" total="100" passed="100" failed="0" warnings="0" inconclusive="0" skipped="0" asserts="100">
      <test-suite type="TestSuite" id="1105" name="_06" fullname="Open_Lab_04._06" runstate="Runnable" testcasecount="100" result="Passed" start-time="2021-11-09 20:57:02Z" end-time="2021-11-09 20:57:02Z" duration="0.119604" total="100" passed="100" failed="0" warnings="0" inconclusive="0" skipped="0" asserts="100">
        <test-suite type="TestFixture" id="1000" name="Tests" fullname="Open_Lab_04._06.Tests" classname="Open_Lab_04._06.Tests" runstate="Runnable" testcasecount="100" result="Passed" start-time="2021-11-09 20:57:02Z" end-time="2021-11-09 20:57:02Z" duration="0.113635" total="100" passed="100" failed="0" warnings="0" inconclusive="0" skipped="0" asserts="100">
          <test-suite type="ParameterizedMethod" id="1004" name="NoOddsTest" fullname="Open_Lab_04._06.Tests.NoOddsTest" classname="Open_Lab_04._06.Tests" runstate="Runnable" testcasecount="3" result="Passed" start-time="2021-11-09 20:57:02Z" end-time="2021-11-09 20:57:02Z" duration="0.080225" total="3" passed="3" failed="0" warnings="0" inconclusive="0" skipped="0" asserts="3">
            <test-case id="1001" name="NoOddsTest([1, 2, 3, 4, 5, ...],[2, 4, 6, 8])" fullname="Open_Lab_04._06.Tests.NoOddsTest([1, 2, 3, 4, 5, ...],[2, 4, 6, 8])" methodname="NoOddsTest" classname="Open_Lab_04._06.Tests" runstate="Runnable" seed="422078813" result="Passed" start-time="2021-11-09 20:57:02Z" end-time="2021-11-09 20:57:02Z" duration="0.065373" asserts="1" />
            <test-case id="1002" name="NoOddsTest([43, 65, 23, 89, 53, ...],[6])" fullname="Open_Lab_04._06.Tests.NoOddsTest([43, 65, 23, 89, 53, ...],[6])" methodname="NoOddsTest" classname="Open_Lab_04._06.Tests" runstate="Runnable" seed="1765715953" result="Passed" start-time="2021-11-09 20:57:02Z" end-time="2021-11-09 20:57:02Z" duration="0.000272" asserts="1" />
            <test-case id="1003" name="NoOddsTest([718, 991, 449, 644, 380, ...],[718, 644, 380, 440])" fullname="Open_Lab_04._06.Tests.NoOddsTest([718, 991, 449, 644, 380, ...],[718, 644, 380, 440])" methodname="NoOddsTest" classname="Open_Lab_04._06.Tests" runstate="Runnable" seed="1003210660" result="Passed" start-time="2021-11-09 20:57:02Z" end-time="2021-11-09 20:57:02Z" duration="0.000160" asserts="1" />
          </test-suite>
          <test-suite type="ParameterizedMethod" id="1102" name="NoOddsTestRandom" fullname="Open_Lab_04._06.Tests.NoOddsTestRandom" classname="Open_Lab_04._06.Tests" runstate="Runnable" testcasecount="97" result="Passed" start-time="2021-11-09 20:57:02Z" end-time="2021-11-09 20:57:02Z" duration="0.015346" total="97" passed="97" failed="0" warnings="0" inconclusive="0" skipped="0" asserts="97">
            <test-case id="1005" name="NoOddsTestRandom([1386393860, 1750583981],[1386393860])" fullname="Open_Lab_04._06.Tests.NoOddsTestRandom([1386393860, 1750583981],[1386393860])" methodname="NoOddsTestRandom" classname="Open_Lab_04._06.Tests" runstate="Runnable" seed="52353130" result="Passed" start-time="2021-11-09 20:57:02Z" end-time="2021-11-09 20:57:02Z" duration="0.000720" asserts="1" />
            <test-case id="1006" name="NoOddsTestRandom([138213528, 824705502, 122780183, 1152007973, 1191870835, ...],[138213528, 824705502])" fullname="Open_Lab_04._06.Tests.NoOddsTestRandom([138213528, 824705502, 122780183, 1152007973, 1191870835, ...],[138213528, 824705502])" methodname="NoOddsTestRandom" classname="Open_Lab_04._06.Tests" runstate="Runnable" seed="1891411601" result="Passed" start-time="2021-11-09 20:57:02Z" end-time="2021-11-09 20:57:02Z" duration="0.000118" asserts="1" />
            <test-case id="1007" name="NoOddsTestRandom([497589568, 2072091964, 1693607284, 485078223, 218712903, ...],[497589568, 2072091964, 1693607284])" fullname="Open_Lab_04._06.Tests.NoOddsTestRandom([497589568, 2072091964, 1693607284, 485078223, 218712903, ...],[497589568, 2072091964, 1693607284])" methodname="NoOddsTestRandom" classname="Open_Lab_04._06.Tests" runstate="Runnable" seed="49928769" result="Passed" start-time="2021-11-09 20:57:02Z" end-time="2021-11-09 20:57:02Z" duration="0.000115" asserts="1" />
            <test-case id="1008" name="NoOddsTestRandom([1817990884, 645370917, 1032419716, 449428060, 1872919113],[1817990884, 1032419716, 449428060])" fullname="Open_Lab_04._06.Tests.NoOddsTestRandom([1817990884, 645370917, 1032419716, 449428060, 1872919113],[1817990884, 1032419716, 449428060])" methodname="NoOddsTestRandom" classname="Open_Lab_04._06.Tests" runstate="Runnable" seed="1941210674" result="Passed" start-time="2021-11-09 20:57:02Z" end-time="2021-11-09 20:57:02Z" duration="0.000075" asserts="1" />
            <test-case id="1009" name="NoOddsTestRandom([1163679398, 1886287485, 731571388, 740726635, 569396242, ...],[1163679398, 731571388, 569396242, 2113000010])" fullname="Open_Lab_04._06.Tests.NoOddsTestRandom([1163679398, 1886287485, 731571388, 740726635, 569396242, ...],[1163679398, 731571388, 569396242, 2113000010])" methodname="NoOddsTestRandom" classname="Open_Lab_04._06.Tests" runstate="Runnable" seed="493854040" result="Passed" start-time="2021-11-09 20:57:02Z" end-time="2021-11-09 20:57:02Z" duration="0.000093" asserts="1" />
            <test-case id="1010" name="NoOddsTestRandom([1455551355, 391886313, 955996244, 1393355408, 123441314, ...],[955996244, 1393355408, 123441314])" fullname="Open_Lab_04._06.Tests.NoOddsTestRandom([1455551355, 391886313, 955996244, 1393355408, 123441314, ...],[955996244, 1393355408, 123441314])" methodname="NoOddsTestRandom" classname="Open_Lab_04._06.Tests" runstate="Runnable" seed="421074252" result="Passed" start-time="2021-11-09 20:57:02Z" end-time="2021-11-09 20:57:02Z" duration="0.000109" asserts="1" />
            <test-case id="1011" name="NoOddsTestRandom([1452265741, 574906424],[574906424])" fullname="Open_Lab_04._06.Tests.NoOddsTestRandom([1452265741, 574906424],[574906424])" methodname="NoOddsTestRandom" classname="Open_Lab_04._06.Tests" runstate="Runnable" seed="2064830401" result="Passed" start-time="2021-11-09 20:57:02Z" end-time="2021-11-09 20:57:02Z" duration="0.000078" asserts="1" />
            <test-case id="1012" name="NoOddsTestRandom([1028293273, 872759628],[872759628])" fullname="Open_Lab_04._06.Tests.NoOddsTestRandom([1028293273, 872759628],[872759628])" methodname="NoOddsTestRandom" classname="Open_Lab_04._06.Tests" runstate="Runnable" seed="1598281873" result="Passed" start-time="2021-11-09 20:57:02Z" end-time="2021-11-09 20:57:02Z" duration="0.000082" asserts="1" />
            <test-case id="1013" name="NoOddsTestRandom([562027169, 1021535106, 1827723041, 1297773951],[1021535106])" fullname="Open_Lab_04._06.Tests.NoOddsTestRandom([562027169, 1021535106, 1827723041, 1297773951],[1021535106])" methodname="NoOddsTestRandom" classname="Open_Lab_04._06.Tests" runstate="Runnable" seed="717456043" result="Passed" start-time="2021-11-09 20:57:02Z" end-time="2021-11-09 20:57:02Z" duration="0.000125" asserts="1" />
            <test-case id="1014" name="NoOddsTestRandom([1523770612, 1715886623, 1105213064, 821931355, 1836269115, ...],[1523770612, 1105213064, 1099270036, 730505020, 2135812222])" fullname="Open_Lab_04._06.Tests.NoOddsTestRandom([1523770612, 1715886623, 1105213064, 821931355, 1836269115, ...],[1523770612, 1105213064, 1099270036, 730505020, 2135812222])" methodname="NoOddsTestRandom" classname="Open_Lab_04._06.Tests" runstate="Runnable" seed="780641324" result="Passed" start-time="2021-11-09 20:57:02Z" end-time="2021-11-09 20:57:02Z" duration="0.000092" asserts="1" />
            <test-case id="1015" name="NoOddsTestRandom([2104359962, 1671010334, 1184715494, 1907347150, 1078225791, ...],[2104359962, 1671010334, 1184715494, 1907347150, 93191910, ...])" fullname="Open_Lab_04._06.Tests.NoOddsTestRandom([2104359962, 1671010334, 1184715494, 1907347150, 1078225791, ...],[2104359962, 1671010334, 1184715494, 1907347150, 93191910, ...])" methodname="NoOddsTestRandom" classname="Open_Lab_04._06.Tests" runstate="Runnable" seed="352680975" result="Passed" start-time="2021-11-09 20:57:02Z" end-time="2021-11-09 20:57:02Z" duration="0.000093" asserts="1" />
            <test-case id="1016" name="NoOddsTestRandom([1604695874, 1340588823, 457513292, 238720543, 844625840, ...],[1604695874, 457513292, 844625840, 666999182, 1324260316])" fullname="Open_Lab_04._06.Tests.NoOddsTestRandom([1604695874, 1340588823, 457513292, 238720543, 844625840, ...],[1604695874, 457513292, 844625840, 666999182, 1324260316])" methodname="NoOddsTestRandom" classname="Open_Lab_04._06.Tests" runstate="Runnable" seed="301991429" result="Passed" start-time="2021-11-09 20:57:02Z" end-time="2021-11-09 20:57:02Z" duration="0.000328" asserts="1" />
            <test-case id="1017" name="NoOddsTestRandom([1060487241, 1419105938, 134542429, 838641042, 1169323089, ...],[1419105938, 838641042, 2036136756, 633620000])" fullname="Open_Lab_04._06.Tests.NoOddsTestRandom([1060487241, 1419105938, 134542429, 838641042, 1169323089, ...],[1419105938, 838641042, 2036136756, 633620000])" methodname="NoOddsTestRandom" classname="Open_Lab_04._06.Tests" runstate="Runnable" seed="436601470" result="Passed" start-time="2021-11-09 20:57:02Z" end-time="2021-11-09 20:57:02Z" duration="0.000188" asserts="1" />
            <test-case id="1018" name="NoOddsTestRandom([135112739, 2015705401, 1857460462, 1456223319],[1857460462])" fullname="Open_Lab_04._06.Tests.NoOddsTestRandom([135112739, 2015705401, 1857460462, 1456223319],[1857460462])" methodname="NoOddsTestRandom" classname="Open_Lab_04._06.Tests" runstate="Runnable" seed="418349432" result="Passed" start-time="2021-11-09 20:57:02Z" end-time="2021-11-09 20:57:02Z" duration="0.000098" asserts="1" />
            <test-case id="1019" name="NoOddsTestRandom([687180830, 1991061426, 1112896125, 1713095305],[687180830, 1991061426])" fullname="Open_Lab_04._06.Tests.NoOddsTestRandom([687180830, 1991061426, 1112896125, 1713095305],[687180830, 1991061426])" methodname="NoOddsTestRandom" classname="Open_Lab_04._06.Tests" runstate="Runnable" seed="24031173" result="Passed" start-time="2021-11-09 20:57:02Z" end-time="2021-11-09 20:57:02Z" duration="0.000074" asserts="1" />
            <test-case id="1020" name="NoOddsTestRandom([928343196, 417522735, 634190478],[928343196, 634190478])" fullname="Open_Lab_04._06.Tests.NoOddsTestRandom([928343196, 417522735, 634190478],[928343196, 634190478])" methodname="NoOddsTestRandom" classname="Open_Lab_04._06.Tests" runstate="Runnable" seed="1004724667" result="Passed" start-time="2021-11-09 20:57:02Z" end-time="2021-11-09 20:57:02Z" duration="0.000252" asserts="1" />
            <test-case id="1021" name="NoOddsTestRandom([2072591033, 111190749, 1912107888, 364418063],[1912107888])" fullname="Open_Lab_04._06.Tests.NoOddsTestRandom([2072591033, 111190749, 1912107888, 364418063],[1912107888])" methodname="NoOddsTestRandom" classname="Open_Lab_04._06.Tests" runstate="Runnable" seed="1196099566" result="Passed" start-time="2021-11-09 20:57:02Z" end-time="2021-11-09 20:57:02Z" duration="0.000266" asserts="1" />
            <test-case id="1022" name="NoOddsTestRandom([254644196, 63505838, 1615970273, 128806681, 793281913, ...],[254644196, 63505838, 1083038828, 685254024])" fullname="Open_Lab_04._06.Tests.NoOddsTestRandom([254644196, 63505838, 1615970273, 128806681, 793281913, ...],[254644196, 63505838, 1083038828, 685254024])" methodname="NoOddsTestRandom" classname="Open_Lab_04._06.Tests" runstate="Runnable" seed="191842357" result="Passed" start-time="2021-11-09 20:57:02Z" end-time="2021-11-09 20:57:02Z" duration="0.000202" asserts="1" />
            <test-case id="1023" name="NoOddsTestRandom([738024061, 1189572682, 1751919576],[1189572682, 1751919576])" fullname="Open_Lab_04._06.Tests.NoOddsTestRandom([738024061, 1189572682, 1751919576],[1189572682, 1751919576])" methodname="NoOddsTestRandom" classname="Open_Lab_04._06.Tests" runstate="Runnable" seed="682411006" result="Passed" start-time="2021-11-09 20:57:02Z" end-time="2021-11-09 20:57:02Z" duration="0.000108" asserts="1" />
            <test-case id="1024" name="NoOddsTestRandom([1553474098, 733085, 1285546984, 1730441472, 1894719059, ...],[1553474098, 1285546984, 1730441472, 1986966830, 1699023360])" fullname="Open_Lab_04._06.Tests.NoOddsTestRandom([1553474098, 733085, 1285546984, 1730441472, 1894719059, ...],[1553474098, 1285546984, 1730441472, 1986966830, 1699023360])" methodname="NoOddsTestRandom" classname="Open_Lab_04._06.Tests" runstate="Runnable" seed="947237232" result="Passed" start-time="2021-11-09 20:57:02Z" end-time="2021-11-09 20:57:02Z" duration="0.000082" asserts="1" />
            <test-case id="1025" name="NoOddsTestRandom([1701586704, 954230291, 1000289076, 929176733, 642964506, ...],[1701586704, 1000289076, 642964506, 784915460])" fullname="Open_Lab_04._06.Tests.NoOddsTestRandom([1701586704, 954230291, 1000289076, 929176733, 642964506, ...],[1701586704, 1000289076, 642964506, 784915460])" methodname="NoOddsTestRandom" classname="Open_Lab_04._06.Tests" runstate="Runnable" seed="69779283" result="Passed" start-time="2021-11-09 20:57:02Z" end-time="2021-11-09 20:57:02Z" duration="0.000093" asserts="1" />
            <test-case id="1026" name="NoOddsTestRandom([913533656, 1058132340, 124028868, 269201937, 1253035920, ...],[913533656, 1058132340, 124028868, 1253035920, 599344550, ...])" fullname="Open_Lab_04._06.Tests.NoOddsTestRandom([913533656, 1058132340, 124028868, 269201937, 1253035920, ...],[913533656, 1058132340, 124028868, 1253035920, 599344550, ...])" methodname="NoOddsTestRandom" classname="Open_Lab_04._06.Tests" runstate="Runnable" seed="1032411988" result="Passed" start-time="2021-11-09 20:57:02Z" end-time="2021-11-09 20:57:02Z" duration="0.000343" asserts="1" />
            <test-case id="1027" name="NoOddsTestRandom([373184491, 2080259732, 1298196572, 1644986974, 374872064, ...],[2080259732, 1298196572, 1644986974, 374872064])" fullname="Open_Lab_04._06.Tests.NoOddsTestRandom([373184491, 2080259732, 1298196572, 1644986974, 374872064, ...],[2080259732, 1298196572, 1644986974, 374872064])" methodname="NoOddsTestRandom" classname="Open_Lab_04._06.Tests" runstate="Runnable" seed="2090301098" result="Passed" start-time="2021-11-09 20:57:02Z" end-time="2021-11-09 20:57:02Z" duration="0.000254" asserts="1" />
            <test-case id="1028" name="NoOddsTestRandom([1538252131, 1011532284, 633457393, 1419734521, 342149561],[1011532284])" fullname="Open_Lab_04._06.Tests.NoOddsTestRandom([1538252131, 1011532284, 633457393, 1419734521, 342149561],[1011532284])" methodname="NoOddsTestRandom" classname="Open_Lab_04._06.Tests" runstate="Runnable" seed="2120077846" result="Passed" start-time="2021-11-09 20:57:02Z" end-time="2021-11-09 20:57:02Z" duration="0.000082" asserts="1" />
            <test-case id="1029" name="NoOddsTestRandom([2027742384, 524934880, 2046008859],[2027742384, 524934880])" fullname="Open_Lab_04._06.Tests.NoOddsTestRandom([2027742384, 524934880, 2046008859],[2027742384, 524934880])" methodname="NoOddsTestRandom" classname="Open_Lab_04._06.Tests" runstate="Runnable" seed="2016041009" result="Passed" start-time="2021-11-09 20:57:02Z" end-time="2021-11-09 20:57:02Z" duration="0.000073" asserts="1" />
            <test-case id="1030" name="NoOddsTestRandom([509402781, 661739982, 1276001252, 2011588827, 440074322, ...],[661739982, 1276001252, 440074322, 1959723334])" fullname="Open_Lab_04._06.Tests.NoOddsTestRandom([509402781, 661739982, 1276001252, 2011588827, 440074322, ...],[661739982, 1276001252, 440074322, 1959723334])" methodname="NoOddsTestRandom" classname="Open_Lab_04._06.Tests" runstate="Runnable" seed="1818438770" result="Passed" start-time="2021-11-09 20:57:02Z" end-time="2021-11-09 20:57:02Z" duration="0.000085" asserts="1" />
            <test-case id="1031" name="NoOddsTestRandom([1827375368, 1065543814, 1482717639, 284538792, 1951392086, ...],[1827375368, 1065543814, 284538792, 1951392086, 1548872182])" fullname="Open_Lab_04._06.Tests.NoOddsTestRandom([1827375368, 1065543814, 1482717639, 284538792, 1951392086, ...],[1827375368, 1065543814, 284538792, 1951392086, 1548872182])" methodname="NoOddsTestRandom" classname="Open_Lab_04._06.Tests" runstate="Runnable" seed="1884351024" result="Passed" start-time="2021-11-09 20:57:02Z" end-time="2021-11-09 20:57:02Z" duration="0.000076" asserts="1" />
            <test-case id="1032" name="NoOddsTestRandom([1658664660, 2054190745, 400826788, 1503544734, 1326714640],[1658664660, 400826788, 1503544734, 1326714640])" fullname="Open_Lab_04._06.Tests.NoOddsTestRandom([1658664660, 2054190745, 400826788, 1503544734, 1326714640],[1658664660, 400826788, 1503544734, 1326714640])" methodname="NoOddsTestRandom" classname="Open_Lab_04._06.Tests" runstate="Runnable" seed="1639175733" result="Passed" start-time="2021-11-09 20:57:02Z" end-time="2021-11-09 20:57:02Z" duration="0.000107" asserts="1" />
            <test-case id="1033" name="NoOddsTestRandom([280753765, 1538408249, 1778915869],[])" fullname="Open_Lab_04._06.Tests.NoOddsTestRandom([280753765, 1538408249, 1778915869],[])" methodname="NoOddsTestRandom" classname="Open_Lab_04._06.Tests" runstate="Runnable" seed="1347294002" result="Passed" start-time="2021-11-09 20:57:02Z" end-time="2021-11-09 20:57:02Z" duration="0.000076" asserts="1" />
            <test-case id="1034" name="NoOddsTestRandom([304493697, 571384095],[])" fullname="Open_Lab_04._06.Tests.NoOddsTestRandom([304493697, 571384095],[])" methodname="NoOddsTestRandom" classname="Open_Lab_04._06.Tests" runstate="Runnable" seed="1162102309" result="Passed" start-time="2021-11-09 20:57:02Z" end-time="2021-11-09 20:57:02Z" duration="0.000063" asserts="1" />
            <test-case id="1035" name="NoOddsTestRandom([243770131, 1891750704, 1354510708, 348485877],[1891750704, 1354510708])" fullname="Open_Lab_04._06.Tests.NoOddsTestRandom([243770131, 1891750704, 1354510708, 348485877],[1891750704, 1354510708])" methodname="NoOddsTestRandom" classname="Open_Lab_04._06.Tests" runstate="Runnable" seed="1442440868" result="Passed" start-time="2021-11-09 20:57:02Z" end-time="2021-11-09 20:57:02Z" duration="0.000277" asserts="1" />
            <test-case id="1036" name="NoOddsTestRandom([4886131, 610897468],[610897468])" fullname="Open_Lab_04._06.Tests.NoOddsTestRandom([4886131, 610897468],[610897468])" methodname="NoOddsTestRandom" classname="Open_Lab_04._06.Tests" runstate="Runnable" seed="699940543" result="Passed" start-time="2021-11-09 20:57:02Z" end-time="2021-11-09 20:57:02Z" duration="0.000222" asserts="1" />
            <test-case id="1037" name="NoOddsTestRandom([2080593816, 32437521, 1485956885, 64962531, 694980343, ...],[2080593816, 1605462456])" fullname="Open_Lab_04._06.Tests.NoOddsTestRandom([2080593816, 32437521, 1485956885, 64962531, 694980343, ...],[2080593816, 1605462456])" methodname="NoOddsTestRandom" classname="Open_Lab_04._06.Tests" runstate="Runnable" seed="1419893982" result="Passed" start-time="2021-11-09 20:57:02Z" end-time="2021-11-09 20:57:02Z" duration="0.000129" asserts="1" />
            <test-case id="1038" name="NoOddsTestRandom([1207623845, 1232068858, 800813650, 498606809, 1680898474, ...],[1232068858, 800813650, 1680898474, 369077724, 618227782])" fullname="Open_Lab_04._06.Tests.NoOddsTestRandom([1207623845, 1232068858, 800813650, 498606809, 1680898474, ...],[1232068858, 800813650, 1680898474, 369077724, 618227782])" methodname="NoOddsTestRandom" classname="Open_Lab_04._06.Tests" runstate="Runnable" seed="1743750418" result="Passed" start-time="2021-11-09 20:57:02Z" end-time="2021-11-09 20:57:02Z" duration="0.000126" asserts="1" />
            <test-case id="1039" name="NoOddsTestRandom([2045018695, 1330171788, 231032314, 995247487, 473180578, ...],[1330171788, 231032314, 473180578, 808642100, 1896364144])" fullname="Open_Lab_04._06.Tests.NoOddsTestRandom([2045018695, 1330171788, 231032314, 995247487, 473180578, ...],[1330171788, 231032314, 473180578, 808642100, 1896364144])" methodname="NoOddsTestRandom" classname="Open_Lab_04._06.Tests" runstate="Runnable" seed="1642519208" result="Passed" start-time="2021-11-09 20:57:02Z" end-time="2021-11-09 20:57:02Z" duration="0.000079" asserts="1" />
            <test-case id="1040" name="NoOddsTestRandom([1133198365, 821773683, 1738450582, 1077511731, 1602906209, ...],[1738450582])" fullname="Open_Lab_04._06.Tests.NoOddsTestRandom([1133198365, 821773683, 1738450582, 1077511731, 1602906209, ...],[1738450582])" methodname="NoOddsTestRandom" classname="Open_Lab_04._06.Tests" runstate="Runnable" seed="124417127" result="Passed" start-time="2021-11-09 20:57:02Z" end-time="2021-11-09 20:57:02Z" duration="0.000072" asserts="1" />
            <test-case id="1041" name="NoOddsTestRandom([1380128931, 1777950788, 1725554491, 2021753224],[1777950788, 2021753224])" fullname="Open_Lab_04._06.Tests.NoOddsTestRandom([1380128931, 1777950788, 1725554491, 2021753224],[1777950788, 2021753224])" methodname="NoOddsTestRandom" classname="Open_Lab_04._06.Tests" runstate="Runnable" seed="1722906700" result="Passed" start-time="2021-11-09 20:57:02Z" end-time="2021-11-09 20:57:02Z" duration="0.000081" asserts="1" />
            <test-case id="1042" name="NoOddsTestRandom([1438582203, 631734297, 972728859, 1043936093, 284694910, ...],[284694910, 571292024])" fullname="Open_Lab_04._06.Tests.NoOddsTestRandom([1438582203, 631734297, 972728859, 1043936093, 284694910, ...],[284694910, 571292024])" methodname="NoOddsTestRandom" classname="Open_Lab_04._06.Tests" runstate="Runnable" seed="870838388" result="Passed" start-time="2021-11-09 20:57:02Z" end-time="2021-11-09 20:57:02Z" duration="0.000072" asserts="1" />
            <test-case id="1043" name="NoOddsTestRandom([1651163694, 72777286, 1160762176, 2022176054, 1273522922, ...],[1651163694, 72777286, 1160762176, 2022176054, 1273522922, ...])" fullname="Open_Lab_04._06.Tests.NoOddsTestRandom([1651163694, 72777286, 1160762176, 2022176054, 1273522922, ...],[1651163694, 72777286, 1160762176, 2022176054, 1273522922, ...])" methodname="NoOddsTestRandom" classname="Open_Lab_04._06.Tests" runstate="Runnable" seed="1830645362" result="Passed" start-time="2021-11-09 20:57:02Z" end-time="2021-11-09 20:57:02Z" duration="0.000112" asserts="1" />
            <test-case id="1044" name="NoOddsTestRandom([907253628, 1921337464, 1763133628],[907253628, 1921337464, 1763133628])" fullname="Open_Lab_04._06.Tests.NoOddsTestRandom([907253628, 1921337464, 1763133628],[907253628, 1921337464, 1763133628])" methodname="NoOddsTestRandom" classname="Open_Lab_04._06.Tests" runstate="Runnable" seed="514875110" result="Passed" start-time="2021-11-09 20:57:02Z" end-time="2021-11-09 20:57:02Z" duration="0.000083" asserts="1" />
            <test-case id="1045" name="NoOddsTestRandom([1271951716, 283557024, 1978210895, 1203805830, 1709265625],[1271951716, 283557024, 1203805830])" fullname="Open_Lab_04._06.Tests.NoOddsTestRandom([1271951716, 283557024, 1978210895, 1203805830, 1709265625],[1271951716, 283557024, 1203805830])" methodname="NoOddsTestRandom" classname="Open_Lab_04._06.Tests" runstate="Runnable" seed="1849330779" result="Passed" start-time="2021-11-09 20:57:02Z" end-time="2021-11-09 20:57:02Z" duration="0.000073" asserts="1" />
            <test-case id="1046" name="NoOddsTestRandom([1793334384, 176201608, 1752201283, 1920622092, 186778910],[1793334384, 176201608, 1920622092, 186778910])" fullname="Open_Lab_04._06.Tests.NoOddsTestRandom([1793334384, 176201608, 1752201283, 1920622092, 186778910],[1793334384, 176201608, 1920622092, 186778910])" methodname="NoOddsTestRandom" classname="Open_Lab_04._06.Tests" runstate="Runnable" seed="681398717" result="Passed" start-time="2021-11-09 20:57:02Z" end-time="2021-11-09 20:57:02Z" duration="0.000086" asserts="1" />
            <test-case id="1047" name="NoOddsTestRandom([2050431333, 791006880, 743958205, 582828521, 606436492, ...],[791006880, 606436492, 1405787102])" fullname="Open_Lab_04._06.Tests.NoOddsTestRandom([2050431333, 791006880, 743958205, 582828521, 606436492, ...],[791006880, 606436492, 1405787102])" methodname="NoOddsTestRandom" classname="Open_Lab_04._06.Tests" runstate="Runnable" seed="1319643403" result="Passed" start-time="2021-11-09 20:57:02Z" end-time="2021-11-09 20:57:02Z" duration="0.000072" asserts="1" />
            <test-case id="1048" name="NoOddsTestRandom([188485668, 237350076, 829491288, 4065943, 935863062, ...],[188485668, 237350076, 829491288, 935863062, 2119919836, ...])" fullname="Open_Lab_04._06.Tests.NoOddsTestRandom([188485668, 237350076, 829491288, 4065943, 935863062, ...],[188485668, 237350076, 829491288, 935863062, 2119919836, ...])" methodname="NoOddsTestRandom" classname="Open_Lab_04._06.Tests" runstate="Runnable" seed="1513867205" result="Passed" start-time="2021-11-09 20:57:02Z" end-time="2021-11-09 20:57:02Z" duration="0.000102" asserts="1" />
            <test-case id="1049" name="NoOddsTestRandom([840180923, 1764478950, 1051057997, 453602775],[1764478950])" fullname="Open_Lab_04._06.Tests.NoOddsTestRandom([840180923, 1764478950, 1051057997, 453602775],[1764478950])" methodname="NoOddsTestRandom" classname="Open_Lab_04._06.Tests" runstate="Runnable" seed="1166889195" result="Passed" start-time="2021-11-09 20:57:02Z" end-time="2021-11-09 20:57:02Z" duration="0.000092" asserts="1" />
            <test-case id="1050" name="NoOddsTestRandom([1231626302, 234776373, 1069952319, 189040086, 1398085356, ...],[1231626302, 189040086, 1398085356, 108493302, 966574388, ...])" fullname="Open_Lab_04._06.Tests.NoOddsTestRandom([1231626302, 234776373, 1069952319, 189040086, 1398085356, ...],[1231626302, 189040086, 1398085356, 108493302, 966574388, ...])" methodname="NoOddsTestRandom" classname="Open_Lab_04._06.Tests" runstate="Runnable" seed="1401513240" result="Passed" start-time="2021-11-09 20:57:02Z" end-time="2021-11-09 20:57:02Z" duration="0.000078" asserts="1" />
            <test-case id="1051" name="NoOddsTestRandom([1257814490, 1231169174, 529564717, 1273983763, 1991997984],[1257814490, 1231169174, 1991997984])" fullname="Open_Lab_04._06.Tests.NoOddsTestRandom([1257814490, 1231169174, 529564717, 1273983763, 1991997984],[1257814490, 1231169174, 1991997984])" methodname="NoOddsTestRandom" classname="Open_Lab_04._06.Tests" runstate="Runnable" seed="1601646651" result="Passed" start-time="2021-11-09 20:57:02Z" end-time="2021-11-09 20:57:02Z" duration="0.000083" asserts="1" />
            <test-case id="1052" name="NoOddsTestRandom([515550362, 1811822234],[515550362, 1811822234])" fullname="Open_Lab_04._06.Tests.NoOddsTestRandom([515550362, 1811822234],[515550362, 1811822234])" methodname="NoOddsTestRandom" classname="Open_Lab_04._06.Tests" runstate="Runnable" seed="1479387879" result="Passed" start-time="2021-11-09 20:57:02Z" end-time="2021-11-09 20:57:02Z" duration="0.000071" asserts="1" />
            <test-case id="1053" name="NoOddsTestRandom([1034601640, 1601549383, 1974144952, 267942768],[1034601640, 1974144952, 267942768])" fullname="Open_Lab_04._06.Tests.NoOddsTestRandom([1034601640, 1601549383, 1974144952, 267942768],[1034601640, 1974144952, 267942768])" methodname="NoOddsTestRandom" classname="Open_Lab_04._06.Tests" runstate="Runnable" seed="1872737253" result="Passed" start-time="2021-11-09 20:57:02Z" end-time="2021-11-09 20:57:02Z" duration="0.000074" asserts="1" />
            <test-case id="1054" name="NoOddsTestRandom([1984091144, 1328406724, 955502161, 600245903, 1368945307, ...],[1984091144, 1328406724, 1494081634, 1648966222, 999373336])" fullname="Open_Lab_04._06.Tests.NoOddsTestRandom([1984091144, 1328406724, 955502161, 600245903, 1368945307, ...],[1984091144, 1328406724, 1494081634, 1648966222, 999373336])" methodname="NoOddsTestRandom" classname="Open_Lab_04._06.Tests" runstate="Runnable" seed="1731508207" result="Passed" start-time="2021-11-09 20:57:02Z" end-time="2021-11-09 20:57:02Z" duration="0.000089" asserts="1" />
            <test-case id="1055" name="NoOddsTestRandom([1498685866, 371660119, 1775968819, 1216747016, 700709685, ...],[1498685866, 1216747016, 79992366])" fullname="Open_Lab_04._06.Tests.NoOddsTestRandom([1498685866, 371660119, 1775968819, 1216747016, 700709685, ...],[1498685866, 1216747016, 79992366])" methodname="NoOddsTestRandom" classname="Open_Lab_04._06.Tests" runstate="Runnable" seed="1195645847" result="Passed" start-time="2021-11-09 20:57:02Z" end-time="2021-11-09 20:57:02Z" duration="0.000071" asserts="1" />
            <test-case id="1056" name="NoOddsTestRandom([1683240524, 687164806, 2129047301, 862105346, 1863395749, ...],[1683240524, 687164806, 862105346, 2082846590])" fullname="Open_Lab_04._06.Tests.NoOddsTestRandom([1683240524, 687164806, 2129047301, 862105346, 1863395749, ...],[1683240524, 687164806, 862105346, 2082846590])" methodname="NoOddsTestRandom" classname="Open_Lab_04._06.Tests" runstate="Runnable" seed="1225268682" result="Passed" start-time="2021-11-09 20:57:02Z" end-time="2021-11-09 20:57:02Z" duration="0.000086" asserts="1" />
            <test-case id="1057" name="NoOddsTestRandom([342860648, 324630561, 2100140363, 512650874, 1566484782, ...],[342860648, 512650874, 1566484782])" fullname="Open_Lab_04._06.Tests.NoOddsTestRandom([342860648, 324630561, 2100140363, 512650874, 1566484782, ...],[342860648, 512650874, 1566484782])" methodname="NoOddsTestRandom" classname="Open_Lab_04._06.Tests" runstate="Runnable" seed="1221835691" result="Passed" start-time="2021-11-09 20:57:02Z" end-time="2021-11-09 20:57:02Z" duration="0.000072" asserts="1" />
            <test-case id="1058" name="NoOddsTestRandom([1480606530, 352432589, 69678632, 1300474788, 366328485, ...],[1480606530, 69678632, 1300474788, 258441154])" fullname="Open_Lab_04._06.Tests.NoOddsTestRandom([1480606530, 352432589, 69678632, 1300474788, 366328485, ...],[1480606530, 69678632, 1300474788, 258441154])" methodname="NoOddsTestRandom" classname="Open_Lab_04._06.Tests" runstate="Runnable" seed="1844788953" result="Passed" start-time="2021-11-09 20:57:02Z" end-time="2021-11-09 20:57:02Z" duration="0.000075" asserts="1" />
            <test-case id="1059" name="NoOddsTestRandom([1922781544, 1620337865, 580330965, 1446286993, 1111112549, ...],[1922781544, 1763825952, 2065792506])" fullname="Open_Lab_04._06.Tests.NoOddsTestRandom([1922781544, 1620337865, 580330965, 1446286993, 1111112549, ...],[1922781544, 1763825952, 2065792506])" methodname="NoOddsTestRandom" classname="Open_Lab_04._06.Tests" runstate="Runnable" seed="1135562480" result="Passed" start-time="2021-11-09 20:57:02Z" end-time="2021-11-09 20:57:02Z" duration="0.000082" asserts="1" />
            <test-case id="1060" name="NoOddsTestRandom([286379114, 874724090, 120695395, 1393043781, 861302830, ...],[286379114, 874724090, 861302830])" fullname="Open_Lab_04._06.Tests.NoOddsTestRandom([286379114, 874724090, 120695395, 1393043781, 861302830, ...],[286379114, 874724090, 861302830])" methodname="NoOddsTestRandom" classname="Open_Lab_04._06.Tests" runstate="Runnable" seed="1167424789" result="Passed" start-time="2021-11-09 20:57:02Z" end-time="2021-11-09 20:57:02Z" duration="0.000073" asserts="1" />
            <test-case id="1061" name="NoOddsTestRandom([1696309506, 486722462, 918402970, 1016598835, 93720869, ...],[1696309506, 486722462, 918402970, 404826514])" fullname="Open_Lab_04._06.Tests.NoOddsTestRandom([1696309506, 486722462, 918402970, 1016598835, 93720869, ...],[1696309506, 486722462, 918402970, 404826514])" methodname="NoOddsTestRandom" classname="Open_Lab_04._06.Tests" runstate="Runnable" seed="1948594150" result="Passed" start-time="2021-11-09 20:57:02Z" end-time="2021-11-09 20:57:02Z" duration="0.000084" asserts="1" />
            <test-case id="1062" name="NoOddsTestRandom([864314427, 631031053, 927001225],[])" fullname="Open_Lab_04._06.Tests.NoOddsTestRandom([864314427, 631031053, 927001225],[])" methodname="NoOddsTestRandom" classname="Open_Lab_04._06.Tests" runstate="Runnable" seed="77334570" result="Passed" start-time="2021-11-09 20:57:02Z" end-time="2021-11-09 20:57:02Z" duration="0.000099" asserts="1" />
            <test-case id="1063" name="NoOddsTestRandom([1758451420, 716861656, 676230468, 603664192, 969630680, ...],[1758451420, 716861656, 676230468, 603664192, 969630680, ...])" fullname="Open_Lab_04._06.Tests.NoOddsTestRandom([1758451420, 716861656, 676230468, 603664192, 969630680, ...],[1758451420, 716861656, 676230468, 603664192, 969630680, ...])" methodname="NoOddsTestRandom" classname="Open_Lab_04._06.Tests" runstate="Runnable" seed="2072653312" result="Passed" start-time="2021-11-09 20:57:02Z" end-time="2021-11-09 20:57:02Z" duration="0.000080" asserts="1" />
            <test-case id="1064" name="NoOddsTestRandom([1834586825, 1910013330, 1025827215],[1910013330])" fullname="Open_Lab_04._06.Tests.NoOddsTestRandom([1834586825, 1910013330, 1025827215],[1910013330])" methodname="NoOddsTestRandom" classname="Open_Lab_04._06.Tests" runstate="Runnable" seed="822898917" result="Passed" start-time="2021-11-09 20:57:02Z" end-time="2021-11-09 20:57:02Z" duration="0.000080" asserts="1" />
            <test-case id="1065" name="NoOddsTestRandom([54236117, 1950142477, 218337958, 117984851, 1827938138, ...],[218337958, 1827938138, 605882440])" fullname="Open_Lab_04._06.Tests.NoOddsTestRandom([54236117, 1950142477, 218337958, 117984851, 1827938138, ...],[218337958, 1827938138, 605882440])" methodname="NoOddsTestRandom" classname="Open_Lab_04._06.Tests" runstate="Runnable" seed="684206875" result="Passed" start-time="2021-11-09 20:57:02Z" end-time="2021-11-09 20:57:02Z" duration="0.000072" asserts="1" />
            <test-case id="1066" name="NoOddsTestRandom([824118498, 439171958],[824118498, 439171958])" fullname="Open_Lab_04._06.Tests.NoOddsTestRandom([824118498, 439171958],[824118498, 439171958])" methodname="NoOddsTestRandom" classname="Open_Lab_04._06.Tests" runstate="Runnable" seed="425654668" result="Passed" start-time="2021-11-09 20:57:02Z" end-time="2021-11-09 20:57:02Z" duration="0.000081" asserts="1" />
            <test-case id="1067" name="NoOddsTestRandom([1046188092, 948335724, 1903990974, 1919202339, 2122845746, ...],[1046188092, 948335724, 1903990974, 2122845746])" fullname="Open_Lab_04._06.Tests.NoOddsTestRandom([1046188092, 948335724, 1903990974, 1919202339, 2122845746, ...],[1046188092, 948335724, 1903990974, 2122845746])" methodname="NoOddsTestRandom" classname="Open_Lab_04._06.Tests" runstate="Runnable" seed="250987871" result="Passed" start-time="2021-11-09 20:57:02Z" end-time="2021-11-09 20:57:02Z" duration="0.000092" asserts="1" />
            <test-case id="1068" name="NoOddsTestRandom([1215511351, 284968676, 581972566, 480081496, 1678897179, ...],[284968676, 581972566, 480081496, 711895102, 307341086, ...])" fullname="Open_Lab_04._06.Tests.NoOddsTestRandom([1215511351, 284968676, 581972566, 480081496, 1678897179, ...],[284968676, 581972566, 480081496, 711895102, 307341086, ...])" methodname="NoOddsTestRandom" classname="Open_Lab_04._06.Tests" runstate="Runnable" seed="1702837381" result="Passed" start-time="2021-11-09 20:57:02Z" end-time="2021-11-09 20:57:02Z" duration="0.000078" asserts="1" />
            <test-case id="1069" name="NoOddsTestRandom([1298548362, 833999903, 542401396],[1298548362, 542401396])" fullname="Open_Lab_04._06.Tests.NoOddsTestRandom([1298548362, 833999903, 542401396],[1298548362, 542401396])" methodname="NoOddsTestRandom" classname="Open_Lab_04._06.Tests" runstate="Runnable" seed="1485684103" result="Passed" start-time="2021-11-09 20:57:02Z" end-time="2021-11-09 20:57:02Z" duration="0.000082" asserts="1" />
            <test-case id="1070" name="NoOddsTestRandom([1263554976, 143623858, 707281692, 432486345, 1115744140, ...],[1263554976, 143623858, 707281692, 1115744140, 1836963496])" fullname="Open_Lab_04._06.Tests.NoOddsTestRandom([1263554976, 143623858, 707281692, 432486345, 1115744140, ...],[1263554976, 143623858, 707281692, 1115744140, 1836963496])" methodname="NoOddsTestRandom" classname="Open_Lab_04._06.Tests" runstate="Runnable" seed="1800224079" result="Passed" start-time="2021-11-09 20:57:02Z" end-time="2021-11-09 20:57:02Z" duration="0.000076" asserts="1" />
            <test-case id="1071" name="NoOddsTestRandom([1954396202, 487829267, 2125890872, 712263328],[1954396202, 2125890872, 712263328])" fullname="Open_Lab_04._06.Tests.NoOddsTestRandom([1954396202, 487829267, 2125890872, 712263328],[1954396202, 2125890872, 712263328])" methodname="NoOddsTestRandom" classname="Open_Lab_04._06.Tests" runstate="Runnable" seed="1029581094" result="Passed" start-time="2021-11-09 20:57:02Z" end-time="2021-11-09 20:57:02Z" duration="0.000072" asserts="1" />
            <test-case id="1072" name="NoOddsTestRandom([919723141, 831945500, 994268581, 51840001, 637324406, ...],[831945500, 637324406, 619075474, 1625044654, 508946318])" fullname="Open_Lab_04._06.Tests.NoOddsTestRandom([919723141, 831945500, 994268581, 51840001, 637324406, ...],[831945500, 637324406, 619075474, 1625044654, 508946318])" methodname="NoOddsTestRandom" classname="Open_Lab_04._06.Tests" runstate="Runnable" seed="840334699" result="Passed" start-time="2021-11-09 20:57:02Z" end-time="2021-11-09 20:57:02Z" duration="0.000086" asserts="1" />
            <test-case id="1073" name="NoOddsTestRandom([2058480519, 1695350008, 70305845, 334822542, 1080672479, ...],[1695350008, 334822542, 2137602242])" fullname="Open_Lab_04._06.Tests.NoOddsTestRandom([2058480519, 1695350008, 70305845, 334822542, 1080672479, ...],[1695350008, 334822542, 2137602242])" methodname="NoOddsTestRandom" classname="Open_Lab_04._06.Tests" runstate="Runnable" seed="923313871" result="Passed" start-time="2021-11-09 20:57:02Z" end-time="2021-11-09 20:57:02Z" duration="0.000070" asserts="1" />
            <test-case id="1074" name="NoOddsTestRandom([1930116763, 804711866, 1196709282, 1486715994, 1007101606, ...],[804711866, 1196709282, 1486715994, 1007101606, 491139328])" fullname="Open_Lab_04._06.Tests.NoOddsTestRandom([1930116763, 804711866, 1196709282, 1486715994, 1007101606, ...],[804711866, 1196709282, 1486715994, 1007101606, 491139328])" methodname="NoOddsTestRandom" classname="Open_Lab_04._06.Tests" runstate="Runnable" seed="2047097693" result="Passed" start-time="2021-11-09 20:57:02Z" end-time="2021-11-09 20:57:02Z" duration="0.000086" asserts="1" />
            <test-case id="1075" name="NoOddsTestRandom([2096878980, 673168941, 1191067912, 733487877],[2096878980, 1191067912])" fullname="Open_Lab_04._06.Tests.NoOddsTestRandom([2096878980, 673168941, 1191067912, 733487877],[2096878980, 1191067912])" methodname="NoOddsTestRandom" classname="Open_Lab_04._06.Tests" runstate="Runnable" seed="1429301614" result="Passed" start-time="2021-11-09 20:57:02Z" end-time="2021-11-09 20:57:02Z" duration="0.000084" asserts="1" />
            <test-case id="1076" name="NoOddsTestRandom([801592558, 837909152, 1586598045, 304279781, 782159902, ...],[801592558, 837909152, 782159902, 1847252856])" fullname="Open_Lab_04._06.Tests.NoOddsTestRandom([801592558, 837909152, 1586598045, 304279781, 782159902, ...],[801592558, 837909152, 782159902, 1847252856])" methodname="NoOddsTestRandom" classname="Open_Lab_04._06.Tests" runstate="Runnable" seed="325261178" result="Passed" start-time="2021-11-09 20:57:02Z" end-time="2021-11-09 20:57:02Z" duration="0.000073" asserts="1" />
            <test-case id="1077" name="NoOddsTestRandom([2057147407, 2024980412],[2024980412])" fullname="Open_Lab_04._06.Tests.NoOddsTestRandom([2057147407, 2024980412],[2024980412])" methodname="NoOddsTestRandom" classname="Open_Lab_04._06.Tests" runstate="Runnable" seed="508680642" result="Passed" start-time="2021-11-09 20:57:02Z" end-time="2021-11-09 20:57:02Z" duration="0.000136" asserts="1" />
            <test-case id="1078" name="NoOddsTestRandom([427869657, 654066178, 1502140954, 1699388401, 1964277607],[654066178, 1502140954])" fullname="Open_Lab_04._06.Tests.NoOddsTestRandom([427869657, 654066178, 1502140954, 1699388401, 1964277607],[654066178, 1502140954])" methodname="NoOddsTestRandom" classname="Open_Lab_04._06.Tests" runstate="Runnable" seed="167535896" result="Passed" start-time="2021-11-09 20:57:02Z" end-time="2021-11-09 20:57:02Z" duration="0.000071" asserts="1" />
            <test-case id="1079" name="NoOddsTestRandom([658068929, 929630212, 1111297713, 1870497506],[929630212, 1870497506])" fullname="Open_Lab_04._06.Tests.NoOddsTestRandom([658068929, 929630212, 1111297713, 1870497506],[929630212, 1870497506])" methodname="NoOddsTestRandom" classname="Open_Lab_04._06.Tests" runstate="Runnable" seed="1245390100" result="Passed" start-time="2021-11-09 20:57:02Z" end-time="2021-11-09 20:57:02Z" duration="0.000080" asserts="1" />
            <test-case id="1080" name="NoOddsTestRandom([2134650622, 342897001, 931483396, 127936146, 1029555827, ...],[2134650622, 931483396, 127936146, 494459316, 1983261024, ...])" fullname="Open_Lab_04._06.Tests.NoOddsTestRandom([2134650622, 342897001, 931483396, 127936146, 1029555827, ...],[2134650622, 931483396, 127936146, 494459316, 1983261024, ...])" methodname="NoOddsTestRandom" classname="Open_Lab_04._06.Tests" runstate="Runnable" seed="1535864213" result="Passed" start-time="2021-11-09 20:57:02Z" end-time="2021-11-09 20:57:02Z" duration="0.000090" asserts="1" />
            <test-case id="1081" name="NoOddsTestRandom([315919114, 893757450, 1379880340, 895708144],[315919114, 893757450, 1379880340, 895708144])" fullname="Open_Lab_04._06.Tests.NoOddsTestRandom([315919114, 893757450, 1379880340, 895708144],[315919114, 893757450, 1379880340, 895708144])" methodname="NoOddsTestRandom" classname="Open_Lab_04._06.Tests" runstate="Runnable" seed="1860252232" result="Passed" start-time="2021-11-09 20:57:02Z" end-time="2021-11-09 20:57:02Z" duration="0.000072" asserts="1" />
            <test-case id="1082" name="NoOddsTestRandom([1355442340, 2139177219, 333712088, 144122794, 1104942657],[1355442340, 333712088, 144122794])" fullname="Open_Lab_04._06.Tests.NoOddsTestRandom([1355442340, 2139177219, 333712088, 144122794, 1104942657],[1355442340, 333712088, 144122794])" methodname="NoOddsTestRandom" classname="Open_Lab_04._06.Tests" runstate="Runnable" seed="576433893" result="Passed" start-time="2021-11-09 20:57:02Z" end-time="2021-11-09 20:57:02Z" duration="0.000082" asserts="1" />
            <test-case id="1083" name="NoOddsTestRandom([1577052234, 1129604841, 969162642, 1425455000, 1984556797, ...],[1577052234, 969162642, 1425455000, 1240831520])" fullname="Open_Lab_04._06.Tests.NoOddsTestRandom([1577052234, 1129604841, 969162642, 1425455000, 1984556797, ...],[1577052234, 969162642, 1425455000, 1240831520])" methodname="NoOddsTestRandom" classname="Open_Lab_04._06.Tests" runstate="Runnable" seed="953188651" result="Passed" start-time="2021-11-09 20:57:02Z" end-time="2021-11-09 20:57:02Z" duration="0.000073" asserts="1" />
            <test-case id="1084" name="NoOddsTestRandom([856374981, 600009207, 75418948],[75418948])" fullname="Open_Lab_04._06.Tests.NoOddsTestRandom([856374981, 600009207, 75418948],[75418948])" methodname="NoOddsTestRandom" classname="Open_Lab_04._06.Tests" runstate="Runnable" seed="614527769" result="Passed" start-time="2021-11-09 20:57:02Z" end-time="2021-11-09 20:57:02Z" duration="0.000069" asserts="1" />
            <test-case id="1085" name="NoOddsTestRandom([1837778492, 1114895293, 93884892, 317112806, 439262901],[1837778492, 93884892, 317112806])" fullname="Open_Lab_04._06.Tests.NoOddsTestRandom([1837778492, 1114895293, 93884892, 317112806, 439262901],[1837778492, 93884892, 317112806])" methodname="NoOddsTestRandom" classname="Open_Lab_04._06.Tests" runstate="Runnable" seed="216792119" result="Passed" start-time="2021-11-09 20:57:02Z" end-time="2021-11-09 20:57:02Z" duration="0.000089" asserts="1" />
            <test-case id="1086" name="NoOddsTestRandom([1006173709, 756438142, 1352793540, 362557997, 577909087, ...],[756438142, 1352793540, 1520220914])" fullname="Open_Lab_04._06.Tests.NoOddsTestRandom([1006173709, 756438142, 1352793540, 362557997, 577909087, ...],[756438142, 1352793540, 1520220914])" methodname="NoOddsTestRandom" classname="Open_Lab_04._06.Tests" runstate="Runnable" seed="404963145" result="Passed" start-time="2021-11-09 20:57:02Z" end-time="2021-11-09 20:57:02Z" duration="0.000073" asserts="1" />
            <test-case id="1087" name="NoOddsTestRandom([1681595854, 1421669485, 606432810, 922995703],[1681595854, 606432810])" fullname="Open_Lab_04._06.Tests.NoOddsTestRandom([1681595854, 1421669485, 606432810, 922995703],[1681595854, 606432810])" methodname="NoOddsTestRandom" classname="Open_Lab_04._06.Tests" runstate="Runnable" seed="1913922127" result="Passed" start-time="2021-11-09 20:57:02Z" end-time="2021-11-09 20:57:02Z" duration="0.000109" asserts="1" />
            <test-case id="1088" name="NoOddsTestRandom([599365133, 324356841, 785507418, 6355056],[785507418, 6355056])" fullname="Open_Lab_04._06.Tests.NoOddsTestRandom([599365133, 324356841, 785507418, 6355056],[785507418, 6355056])" methodname="NoOddsTestRandom" classname="Open_Lab_04._06.Tests" runstate="Runnable" seed="1763269442" result="Passed" start-time="2021-11-09 20:57:02Z" end-time="2021-11-09 20:57:02Z" duration="0.000071" asserts="1" />
            <test-case id="1089" name="NoOddsTestRandom([2063144566, 1005045781, 1521218006, 1653512043, 290862996],[2063144566, 1521218006, 290862996])" fullname="Open_Lab_04._06.Tests.NoOddsTestRandom([2063144566, 1005045781, 1521218006, 1653512043, 290862996],[2063144566, 1521218006, 290862996])" methodname="NoOddsTestRandom" classname="Open_Lab_04._06.Tests" runstate="Runnable" seed="2113940109" result="Passed" start-time="2021-11-09 20:57:02Z" end-time="2021-11-09 20:57:02Z" duration="0.000072" asserts="1" />
            <test-case id="1090" name="NoOddsTestRandom([96968737, 1126886043, 879229113, 429340550, 1650471568, ...],[429340550, 1650471568, 801823252, 459279892])" fullname="Open_Lab_04._06.Tests.NoOddsTestRandom([96968737, 1126886043, 879229113, 429340550, 1650471568, ...],[429340550, 1650471568, 801823252, 459279892])" methodname="NoOddsTestRandom" classname="Open_Lab_04._06.Tests" runstate="Runnable" seed="217172186" result="Passed" start-time="2021-11-09 20:57:02Z" end-time="2021-11-09 20:57:02Z" duration="0.000084" asserts="1" />
            <test-case id="1091" name="NoOddsTestRandom([1475022026, 1535168299, 1899632764, 635815911, 999143147, ...],[1475022026, 1899632764, 1756867574])" fullname="Open_Lab_04._06.Tests.NoOddsTestRandom([1475022026, 1535168299, 1899632764, 635815911, 999143147, ...],[1475022026, 1899632764, 1756867574])" methodname="NoOddsTestRandom" classname="Open_Lab_04._06.Tests" runstate="Runnable" seed="1625588499" result="Passed" start-time="2021-11-09 20:57:02Z" end-time="2021-11-09 20:57:02Z" duration="0.000072" asserts="1" />
            <test-case id="1092" name="NoOddsTestRandom([1891342793, 562887312, 634398710],[562887312, 634398710])" fullname="Open_Lab_04._06.Tests.NoOddsTestRandom([1891342793, 562887312, 634398710],[562887312, 634398710])" methodname="NoOddsTestRandom" classname="Open_Lab_04._06.Tests" runstate="Runnable" seed="1722588676" result="Passed" start-time="2021-11-09 20:57:02Z" end-time="2021-11-09 20:57:02Z" duration="0.000081" asserts="1" />
            <test-case id="1093" name="NoOddsTestRandom([247539714, 644074, 1898545754, 27423775, 1831423436, ...],[247539714, 644074, 1898545754, 1831423436, 1459550672])" fullname="Open_Lab_04._06.Tests.NoOddsTestRandom([247539714, 644074, 1898545754, 27423775, 1831423436, ...],[247539714, 644074, 1898545754, 1831423436, 1459550672])" methodname="NoOddsTestRandom" classname="Open_Lab_04._06.Tests" runstate="Runnable" seed="608187938" result="Passed" start-time="2021-11-09 20:57:02Z" end-time="2021-11-09 20:57:02Z" duration="0.000076" asserts="1" />
            <test-case id="1094" name="NoOddsTestRandom([1615048845, 715310713, 967713835, 1255824803, 1383155601, ...],[])" fullname="Open_Lab_04._06.Tests.NoOddsTestRandom([1615048845, 715310713, 967713835, 1255824803, 1383155601, ...],[])" methodname="NoOddsTestRandom" classname="Open_Lab_04._06.Tests" runstate="Runnable" seed="475094419" result="Passed" start-time="2021-11-09 20:57:02Z" end-time="2021-11-09 20:57:02Z" duration="0.000065" asserts="1" />
            <test-case id="1095" name="NoOddsTestRandom([1068356970, 478133249, 1156684438, 1952093205, 463715811, ...],[1068356970, 1156684438])" fullname="Open_Lab_04._06.Tests.NoOddsTestRandom([1068356970, 478133249, 1156684438, 1952093205, 463715811, ...],[1068356970, 1156684438])" methodname="NoOddsTestRandom" classname="Open_Lab_04._06.Tests" runstate="Runnable" seed="323306624" result="Passed" start-time="2021-11-09 20:57:02Z" end-time="2021-11-09 20:57:02Z" duration="0.000079" asserts="1" />
            <test-case id="1096" name="NoOddsTestRandom([996818462, 1397822766, 254205939, 236307687, 1064001419, ...],[996818462, 1397822766, 1395661854])" fullname="Open_Lab_04._06.Tests.NoOddsTestRandom([996818462, 1397822766, 254205939, 236307687, 1064001419, ...],[996818462, 1397822766, 1395661854])" methodname="NoOddsTestRandom" classname="Open_Lab_04._06.Tests" runstate="Runnable" seed="1645572130" result="Passed" start-time="2021-11-09 20:57:02Z" end-time="2021-11-09 20:57:02Z" duration="0.000071" asserts="1" />
            <test-case id="1097" name="NoOddsTestRandom([622473861, 879346329, 878585039, 678278443, 1623047793, ...],[1519522816, 22213352])" fullname="Open_Lab_04._06.Tests.NoOddsTestRandom([622473861, 879346329, 878585039, 678278443, 1623047793, ...],[1519522816, 22213352])" methodname="NoOddsTestRandom" classname="Open_Lab_04._06.Tests" runstate="Runnable" seed="945668723" result="Passed" start-time="2021-11-09 20:57:02Z" end-time="2021-11-09 20:57:02Z" duration="0.000140" asserts="1" />
            <test-case id="1098" name="NoOddsTestRandom([1147212867, 1998134544, 1550534780, 759711313],[1998134544, 1550534780])" fullname="Open_Lab_04._06.Tests.NoOddsTestRandom([1147212867, 1998134544, 1550534780, 759711313],[1998134544, 1550534780])" methodname="NoOddsTestRandom" classname="Open_Lab_04._06.Tests" runstate="Runnable" seed="1007746445" result="Passed" start-time="2021-11-09 20:57:02Z" end-time="2021-11-09 20:57:02Z" duration="0.000079" asserts="1" />
            <test-case id="1099" name="NoOddsTestRandom([643807961, 1400143957, 1300463173, 665987210],[665987210])" fullname="Open_Lab_04._06.Tests.NoOddsTestRandom([643807961, 1400143957, 1300463173, 665987210],[665987210])" methodname="NoOddsTestRandom" classname="Open_Lab_04._06.Tests" runstate="Runnable" seed="1978151882" result="Passed" start-time="2021-11-09 20:57:02Z" end-time="2021-11-09 20:57:02Z" duration="0.000075" asserts="1" />
            <test-case id="1100" name="NoOddsTestRandom([1413209544, 1553686521, 829789152, 1158262712, 554883886, ...],[1413209544, 829789152, 1158262712, 554883886, 901727292, ...])" fullname="Open_Lab_04._06.Tests.NoOddsTestRandom([1413209544, 1553686521, 829789152, 1158262712, 554883886, ...],[1413209544, 829789152, 1158262712, 554883886, 901727292, ...])" methodname="NoOddsTestRandom" classname="Open_Lab_04._06.Tests" runstate="Runnable" seed="1423676111" result="Passed" start-time="2021-11-09 20:57:02Z" end-time="2021-11-09 20:57:02Z" duration="0.000105" asserts="1" />
            <test-case id="1101" name="NoOddsTestRandom([6464008, 1261706201, 63888818, 2089611934, 1852879595, ...],[6464008, 63888818, 2089611934, 1813388238, 633350942])" fullname="Open_Lab_04._06.Tests.NoOddsTestRandom([6464008, 1261706201, 63888818, 2089611934, 1852879595, ...],[6464008, 63888818, 2089611934, 1813388238, 633350942])" methodname="NoOddsTestRandom" classname="Open_Lab_04._06.Tests" runstate="Runnable" seed="430410846" result="Passed" start-time="2021-11-09 20:57:02Z" end-time="2021-11-09 20:57:02Z" duration="0.000082" asserts="1" />
          </test-suite>
        </test-suite>
      </test-suite>
    </test-suite>
  </test-suite>
</test-run>